{"/home/gibbitz/DEV/CYBERPUNK/GIT/cyberpunk2020-fvtt-homebrew/scripts/BuildData/constants.js": {"path":"/home/gibbitz/DEV/CYBERPUNK/GIT/cyberpunk2020-fvtt-homebrew/scripts/BuildData/constants.js","statementMap":{"0":{"start":{"line":1,"column":32},"end":{"line":1,"column":83}},"1":{"start":{"line":2,"column":34},"end":{"line":7,"column":1}},"2":{"start":{"line":8,"column":33},"end":{"line":8,"column":65}},"3":{"start":{"line":9,"column":30},"end":{"line":9,"column":71}},"4":{"start":{"line":15,"column":35},"end":{"line":15,"column":81}},"5":{"start":{"line":16,"column":38},"end":{"line":16,"column":48}},"6":{"start":{"line":17,"column":38},"end":{"line":17,"column":48}},"7":{"start":{"line":18,"column":45},"end":{"line":18,"column":64}},"8":{"start":{"line":19,"column":43},"end":{"line":19,"column":60}},"9":{"start":{"line":20,"column":40},"end":{"line":20,"column":52}},"10":{"start":{"line":21,"column":43},"end":{"line":21,"column":60}},"11":{"start":{"line":22,"column":48},"end":{"line":22,"column":70}},"12":{"start":{"line":23,"column":40},"end":{"line":23,"column":52}},"13":{"start":{"line":24,"column":34},"end":{"line":24,"column":40}},"14":{"start":{"line":25,"column":44},"end":{"line":25,"column":60}},"15":{"start":{"line":26,"column":41},"end":{"line":26,"column":54}},"16":{"start":{"line":27,"column":38},"end":{"line":27,"column":48}},"17":{"start":{"line":28,"column":35},"end":{"line":28,"column":42}},"18":{"start":{"line":29,"column":37},"end":{"line":29,"column":46}},"19":{"start":{"line":32,"column":36},"end":{"line":32,"column":82}},"20":{"start":{"line":33,"column":34},"end":{"line":33,"column":39}}},"fnMap":{},"branchMap":{},"s":{"0":2,"1":2,"2":2,"3":2,"4":2,"5":2,"6":2,"7":2,"8":2,"9":2,"10":2,"11":2,"12":2,"13":2,"14":2,"15":2,"16":2,"17":2,"18":2,"19":2,"20":2},"f":{},"b":{},"_coverageSchema":"1a1c01bbd47fc00a2c39e90264f33305004495a9","hash":"fd5f4ed2063559c19aa513fe616e828906e45b3b"}
,"/home/gibbitz/DEV/CYBERPUNK/GIT/cyberpunk2020-fvtt-homebrew/scripts/BuildData/fetchSheets.js": {"path":"/home/gibbitz/DEV/CYBERPUNK/GIT/cyberpunk2020-fvtt-homebrew/scripts/BuildData/fetchSheets.js","statementMap":{"0":{"start":{"line":5,"column":2},"end":{"line":19,"column":3}},"1":{"start":{"line":7,"column":6},"end":{"line":7,"column":54}},"2":{"start":{"line":8,"column":6},"end":{"line":17,"column":9}},"3":{"start":{"line":9,"column":28},"end":{"line":16,"column":12}},"4":{"start":{"line":11,"column":29},"end":{"line":13,"column":25}},"5":{"start":{"line":12,"column":26},"end":{"line":12,"column":54}},"6":{"start":{"line":14,"column":12},"end":{"line":14,"column":73}},"7":{"start":{"line":15,"column":12},"end":{"line":15,"column":39}}},"fnMap":{"0":{"name":"(anonymous_0)","decl":{"start":{"line":4,"column":15},"end":{"line":4,"column":16}},"loc":{"start":{"line":4,"column":54},"end":{"line":20,"column":1}},"line":4},"1":{"name":"(anonymous_1)","decl":{"start":{"line":6,"column":17},"end":{"line":6,"column":18}},"loc":{"start":{"line":6,"column":48},"end":{"line":18,"column":5}},"line":6},"2":{"name":"(anonymous_2)","decl":{"start":{"line":9,"column":14},"end":{"line":9,"column":15}},"loc":{"start":{"line":9,"column":28},"end":{"line":16,"column":12}},"line":9},"3":{"name":"(anonymous_3)","decl":{"start":{"line":10,"column":16},"end":{"line":10,"column":17}},"loc":{"start":{"line":10,"column":32},"end":{"line":16,"column":11}},"line":10},"4":{"name":"(anonymous_4)","decl":{"start":{"line":12,"column":19},"end":{"line":12,"column":20}},"loc":{"start":{"line":12,"column":26},"end":{"line":12,"column":54}},"line":12}},"branchMap":{"0":{"loc":{"start":{"line":4,"column":36},"end":{"line":4,"column":49}},"type":"default-arg","locations":[{"start":{"line":4,"column":44},"end":{"line":4,"column":49}}],"line":4},"1":{"loc":{"start":{"line":7,"column":6},"end":{"line":7,"column":54}},"type":"binary-expr","locations":[{"start":{"line":7,"column":6},"end":{"line":7,"column":11}},{"start":{"line":7,"column":15},"end":{"line":7,"column":54}}],"line":7},"2":{"loc":{"start":{"line":14,"column":12},"end":{"line":14,"column":73}},"type":"binary-expr","locations":[{"start":{"line":14,"column":12},"end":{"line":14,"column":17}},{"start":{"line":14,"column":21},"end":{"line":14,"column":73}}],"line":14}},"s":{"0":3,"1":3,"2":3,"3":3,"4":3,"5":9,"6":3,"7":3},"f":{"0":3,"1":3,"2":3,"3":3,"4":9},"b":{"0":[1],"1":[3,1],"2":[3,1]},"_coverageSchema":"1a1c01bbd47fc00a2c39e90264f33305004495a9","hash":"f0d0103557b5038bf16e2d0b09e5122a422eb193"}
,"/home/gibbitz/DEV/CYBERPUNK/GIT/cyberpunk2020-fvtt-homebrew/scripts/BuildData/uriUtils.js": {"path":"/home/gibbitz/DEV/CYBERPUNK/GIT/cyberpunk2020-fvtt-homebrew/scripts/BuildData/uriUtils.js","statementMap":{"0":{"start":{"line":2,"column":21},"end":{"line":5,"column":1}},"1":{"start":{"line":3,"column":32},"end":{"line":3,"column":39}},"2":{"start":{"line":4,"column":2},"end":{"line":4,"column":102}},"3":{"start":{"line":7,"column":33},"end":{"line":8,"column":48}},"4":{"start":{"line":8,"column":2},"end":{"line":8,"column":48}},"5":{"start":{"line":9,"column":27},"end":{"line":10,"column":66}},"6":{"start":{"line":10,"column":2},"end":{"line":10,"column":66}}},"fnMap":{"0":{"name":"(anonymous_0)","decl":{"start":{"line":2,"column":21},"end":{"line":2,"column":22}},"loc":{"start":{"line":2,"column":63},"end":{"line":5,"column":1}},"line":2},"1":{"name":"(anonymous_1)","decl":{"start":{"line":7,"column":33},"end":{"line":7,"column":34}},"loc":{"start":{"line":8,"column":2},"end":{"line":8,"column":48}},"line":8},"2":{"name":"(anonymous_2)","decl":{"start":{"line":9,"column":27},"end":{"line":9,"column":28}},"loc":{"start":{"line":10,"column":2},"end":{"line":10,"column":66}},"line":10}},"branchMap":{"0":{"loc":{"start":{"line":2,"column":46},"end":{"line":2,"column":58}},"type":"default-arg","locations":[{"start":{"line":2,"column":56},"end":{"line":2,"column":58}}],"line":2}},"s":{"0":1,"1":2,"2":2,"3":1,"4":1,"5":1,"6":1},"f":{"0":2,"1":1,"2":1},"b":{"0":[1]},"_coverageSchema":"1a1c01bbd47fc00a2c39e90264f33305004495a9","hash":"d67155888a05da466f4bf1f033a02d79a84267e5"}
,"/home/gibbitz/DEV/CYBERPUNK/GIT/cyberpunk2020-fvtt-homebrew/scripts/BuildData/writeDbs.js": {"path":"/home/gibbitz/DEV/CYBERPUNK/GIT/cyberpunk2020-fvtt-homebrew/scripts/BuildData/writeDbs.js","statementMap":{"0":{"start":{"line":4,"column":31},"end":{"line":21,"column":1}},"1":{"start":{"line":5,"column":20},"end":{"line":5,"column":46}},"2":{"start":{"line":6,"column":21},"end":{"line":6,"column":54}},"3":{"start":{"line":7,"column":19},"end":{"line":11,"column":3}},"4":{"start":{"line":8,"column":4},"end":{"line":10,"column":5}},"5":{"start":{"line":9,"column":6},"end":{"line":9,"column":15}},"6":{"start":{"line":13,"column":2},"end":{"line":13,"column":44}},"7":{"start":{"line":15,"column":2},"end":{"line":20,"column":3}}},"fnMap":{"0":{"name":"(anonymous_0)","decl":{"start":{"line":4,"column":15},"end":{"line":4,"column":16}},"loc":{"start":{"line":4,"column":31},"end":{"line":21,"column":1}},"line":4},"1":{"name":"(anonymous_1)","decl":{"start":{"line":4,"column":31},"end":{"line":4,"column":32}},"loc":{"start":{"line":4,"column":50},"end":{"line":21,"column":1}},"line":4},"2":{"name":"(anonymous_2)","decl":{"start":{"line":7,"column":19},"end":{"line":7,"column":20}},"loc":{"start":{"line":7,"column":26},"end":{"line":11,"column":3}},"line":7}},"branchMap":{"0":{"loc":{"start":{"line":8,"column":4},"end":{"line":10,"column":5}},"type":"if","locations":[{"start":{"line":8,"column":4},"end":{"line":10,"column":5}},{"start":{},"end":{}}],"line":8}},"s":{"0":3,"1":3,"2":3,"3":3,"4":2,"5":1,"6":3,"7":3},"f":{"0":3,"1":3,"2":2},"b":{"0":[1,1]},"_coverageSchema":"1a1c01bbd47fc00a2c39e90264f33305004495a9","hash":"2ce7a7ca36d74700f3054c6131e54fbe1bac5cbd"}
}
