TN:
SF:scripts/BuildData/constants.js
FNF:0
FNH:0
DA:1,2
DA:2,2
DA:8,2
DA:9,2
DA:15,2
DA:16,2
DA:17,2
DA:18,2
DA:19,2
DA:20,2
DA:21,2
DA:22,2
DA:23,2
DA:24,2
DA:25,2
DA:26,2
DA:27,2
DA:28,2
DA:29,2
DA:32,2
DA:33,2
LF:21
LH:21
BRF:0
BRH:0
end_of_record
TN:
SF:scripts/BuildData/fetchSheets.js
FN:4,(anonymous_0)
FN:6,(anonymous_1)
FN:9,(anonymous_2)
FN:10,(anonymous_3)
FN:12,(anonymous_4)
FNF:5
FNH:5
FNDA:3,(anonymous_0)
FNDA:3,(anonymous_1)
FNDA:3,(anonymous_2)
FNDA:3,(anonymous_3)
FNDA:9,(anonymous_4)
DA:5,3
DA:7,3
DA:8,3
DA:9,3
DA:11,3
DA:12,9
DA:14,3
DA:15,3
LF:8
LH:8
BRDA:4,0,0,1
BRDA:7,1,0,3
BRDA:7,1,1,1
BRDA:14,2,0,3
BRDA:14,2,1,1
BRF:5
BRH:5
end_of_record
TN:
SF:scripts/BuildData/uriUtils.js
FN:2,(anonymous_0)
FN:7,(anonymous_1)
FN:9,(anonymous_2)
FNF:3
FNH:3
FNDA:2,(anonymous_0)
FNDA:1,(anonymous_1)
FNDA:1,(anonymous_2)
DA:2,1
DA:3,2
DA:4,2
DA:7,1
DA:8,1
DA:9,1
DA:10,1
LF:7
LH:7
BRDA:2,0,0,1
BRF:1
BRH:1
end_of_record
TN:
SF:scripts/BuildData/writeDbs.js
FN:4,(anonymous_0)
FN:4,(anonymous_1)
FN:7,(anonymous_2)
FNF:3
FNH:3
FNDA:3,(anonymous_0)
FNDA:3,(anonymous_1)
FNDA:2,(anonymous_2)
DA:4,3
DA:5,3
DA:6,3
DA:7,3
DA:8,2
DA:9,1
DA:13,3
DA:15,3
LF:8
LH:8
BRDA:8,0,0,1
BRDA:8,0,1,1
BRF:2
BRH:2
end_of_record
